生成启动时间为 2016/8/26 14:56:03。
     1>项目“G:\程序开发学习\hafuman\hafuman\hafuman.vcxproj”在节点 2 上(Build 个目标)。
     1>ClCompile:
         C:\Program Files (x86)\Microsoft Visual Studio 11.0\VC\bin\CL.exe /c /ZI /nologo /W3 /WX- /Od /Oy- /D WIN32 /D _DEBUG /D _WINDOWS /D _MBCS /Gm /EHsc /RTC1 /MDd /GS /fp:precise /Zc:wchar_t /Zc:forScope /Fo"Debug\\" /Fd"Debug\vc110.pdb" /Gd /TP /analyze- /errorReport:prompt main.cpp
         main.cpp
     1>g:\程序开发学习\hafuman\hafuman\main.cpp(107): warning C4996: 'strcpy': This function or variable may be unsafe. Consider using strcpy_s instead. To disable deprecation, use _CRT_SECURE_NO_WARNINGS. See online help for details.
                 c:\program files (x86)\microsoft visual studio 11.0\vc\include\string.h(110) : 参见“strcpy”的声明
     1>g:\程序开发学习\hafuman\hafuman\main.cpp(49): warning C4101: “j”: 未引用的局部变量
     1>g:\程序开发学习\hafuman\hafuman\main.cpp(144): warning C4996: 'strcpy': This function or variable may be unsafe. Consider using strcpy_s instead. To disable deprecation, use _CRT_SECURE_NO_WARNINGS. See online help for details.
                 c:\program files (x86)\microsoft visual studio 11.0\vc\include\string.h(110) : 参见“strcpy”的声明
     1>g:\程序开发学习\hafuman\hafuman\main.cpp(147): warning C4996: 'strcpy': This function or variable may be unsafe. Consider using strcpy_s instead. To disable deprecation, use _CRT_SECURE_NO_WARNINGS. See online help for details.
                 c:\program files (x86)\microsoft visual studio 11.0\vc\include\string.h(110) : 参见“strcpy”的声明
     1>g:\程序开发学习\hafuman\hafuman\main.cpp(148): warning C4018: “<=”: 有符号/无符号不匹配
     1>g:\程序开发学习\hafuman\hafuman\main.cpp(159): warning C4996: 'strcpy': This function or variable may be unsafe. Consider using strcpy_s instead. To disable deprecation, use _CRT_SECURE_NO_WARNINGS. See online help for details.
                 c:\program files (x86)\microsoft visual studio 11.0\vc\include\string.h(110) : 参见“strcpy”的声明
       Link:
         C:\Program Files (x86)\Microsoft Visual Studio 11.0\VC\bin\link.exe /ERRORREPORT:PROMPT /OUT:"G:\程序开发学习\hafuman\Debug\hafuman.exe" /INCREMENTAL /NOLOGO kernel32.lib user32.lib gdi32.lib winspool.lib comdlg32.lib advapi32.lib shell32.lib ole32.lib oleaut32.lib uuid.lib odbc32.lib odbccp32.lib /MANIFEST /MANIFESTUAC:"level='asInvoker' uiAccess='false'" /manifest:embed /DEBUG /PDB:"G:\程序开发学习\hafuman\Debug\hafuman.pdb" /SUBSYSTEM:WINDOWS /TLBID:1 /DYNAMICBASE /NXCOMPAT /IMPLIB:"G:\程序开发学习\hafuman\Debug\hafuman.lib" /MACHINE:X86 Debug\main.obj
         hafuman.vcxproj -> G:\程序开发学习\hafuman\Debug\hafuman.exe
     1>已完成生成项目“G:\程序开发学习\hafuman\hafuman\hafuman.vcxproj”(Build 个目标)的操作。

生成成功。

已用时间 00:00:06.53
